 label_rtx emit_jump expand_label expand_goto expand_goto_internal expand_fixup fixup_gotos expand_asm expand_asm_operands expand_expr_stmt clear_last_expr expand_start_stmt_expr expand_end_stmt_expr expand_start_cond expand_end_cond expand_start_else expand_end_else expand_start_loop expand_start_loop_continue_elsewhere expand_loop_continue_here expand_end_loop expand_continue_loop expand_exit_loop expand_exit_loop_if_false expand_exit_something expand_null_return expand_null_return_1 expand_return drop_through_at_end_p tail_recursion_args expand_start_bindings use_variable use_variable_after expand_end_bindings expand_decl expand_decl_init expand_anon_union_decl expand_cleanups fixup_cleanups move_cleanups_up expand_start_case expand_start_case_dummy expand_end_case_dummy pushcase pushcase_range check_for_full_enumeration_handling expand_end_case do_jump_if_equal group_case_nodes balance_case_nodes node_has_low_bound node_has_high_bound node_is_bounded emit_jump_if_reachable emit_case_nodes get_frame_size assign_stack_local put_var_into_stack fixup_var_refs fixup_var_refs_insns fixup_var_refs_1 fixup_memory_subreg walk_fixup_memory_subreg fixup_stack_1 optimize_bit_field max_parm_reg_num get_first_nonparm_insn parm_stack_loc assign_parms get_structure_value_addr uninitialized_vars_warning setjmp_protect expand_function_start expand_function_end
time in parse: 0.000000
time in integration: 0.000000
time in jump: 0.000000
time in cse: 0.000000
time in loop: 0.000000
time in cse2: 0.000000
time in flow: 0.000000
time in combine: 0.000000
time in sched: 0.000000
time in local-alloc: 0.000000
time in global-alloc: 0.000000
time in sched2: 0.000000
time in dbranch: 0.000000
time in shorten-branch: 0.000000
time in stack-reg: 0.000000
time in final: 0.000000
time in varconst: 0.000000
time in symout: 0.000000
time in dump: 0.000000
